__main__.py:22 #INFO     [2024-11-12 21:32:27,340] -__main__ - Starting bot
dispatcher.py:527 #INFO     [2024-11-12 21:32:27,454] -aiogram.dispatcher - Start polling
dispatcher.py:341 #INFO     [2024-11-12 21:32:27,598] -aiogram.dispatcher - Run polling for bot @vk_group_poster_bot id=7693401149 - 'VK POSTER'
dispatcher.py:172 #INFO     [2024-11-12 21:32:33,204] -aiogram.event - Update id=243122636 is handled. Duration 187 ms by bot id=7693401149
bot_hendlers.py:42 #INFO     [2024-11-12 21:32:35,303] -bot.handlers.bot_hendlers - vangerm47 (469873066) - start fill autopost
dispatcher.py:172 #INFO     [2024-11-12 21:32:35,380] -aiogram.event - Update id=243122637 is handled. Duration 77 ms by bot id=7693401149
dispatcher.py:172 #INFO     [2024-11-12 21:32:36,533] -aiogram.event - Update id=243122638 is handled. Duration 78 ms by bot id=7693401149
dispatcher.py:172 #INFO     [2024-11-12 21:32:40,906] -aiogram.event - Update id=243122639 is handled. Duration 77 ms by bot id=7693401149
bot_hendlers.py:42 #INFO     [2024-11-12 21:32:43,801] -bot.handlers.bot_hendlers - vangerm47 (469873066) - start fill autopost
dispatcher.py:172 #INFO     [2024-11-12 21:32:43,868] -aiogram.event - Update id=243122640 is handled. Duration 61 ms by bot id=7693401149
dispatcher.py:172 #INFO     [2024-11-12 21:32:45,361] -aiogram.event - Update id=243122641 is handled. Duration 109 ms by bot id=7693401149
dispatcher.py:172 #INFO     [2024-11-12 21:32:47,509] -aiogram.event - Update id=243122642 is handled. Duration 77 ms by bot id=7693401149
dispatcher.py:172 #INFO     [2024-11-12 21:32:51,095] -aiogram.event - Update id=243122643 is handled. Duration 94 ms by bot id=7693401149
bot_hendlers.py:42 #INFO     [2024-11-12 21:32:54,615] -bot.handlers.bot_hendlers - vangerm47 (469873066) - start fill autopost
dispatcher.py:172 #INFO     [2024-11-12 21:32:54,695] -aiogram.event - Update id=243122644 is handled. Duration 78 ms by bot id=7693401149
dispatcher.py:172 #INFO     [2024-11-12 21:32:55,620] -aiogram.event - Update id=243122645 is handled. Duration 77 ms by bot id=7693401149
dispatcher.py:172 #INFO     [2024-11-12 21:32:57,353] -aiogram.event - Update id=243122646 is handled. Duration 171 ms by bot id=7693401149
dispatcher.py:172 #INFO     [2024-11-12 21:33:00,012] -aiogram.event - Update id=243122647 is handled. Duration 155 ms by bot id=7693401149
dispatcher.py:554 #INFO     [2024-11-12 21:33:06,558] -aiogram.dispatcher - Polling stopped
__main__.py:60 #INFO     [2024-11-12 21:33:06,810] -__main__ - Connection to NATS closed
dispatcher.py:359 #INFO     [2024-11-12 21:33:06,810] -aiogram.dispatcher - Polling stopped for bot @vk_group_poster_bot id=7693401149 - 'VK POSTER'
